<?xml version="1.0" encoding="UTF-8"?>
<testng-results ignored="0" total="1" passed="1" failed="0" skipped="0">
  <reporter-output>
  </reporter-output>
  <suite started-at="2023-04-19T18:16:56 IST" name="Surefire suite" finished-at="2023-04-19T18:16:56 IST" duration-ms="62">
    <groups>
    </groups>
    <test started-at="2023-04-19T18:16:56 IST" name="Surefire test" finished-at="2023-04-19T18:16:56 IST" duration-ms="62">
      <class name="Practice.TestClass">
        <test-method signature="method()[pri:0, instance:Practice.TestClass@44a7bfbc]" started-at="2023-04-19T18:16:56 IST" name="method" finished-at="2023-04-19T18:16:56 IST" duration-ms="7" status="PASS">
          <reporter-output>
          </reporter-output>
        </test-method> <!-- method -->
      </class> <!-- Practice.TestClass -->
    </test> <!-- Surefire test -->
  </suite> <!-- Surefire suite -->
</testng-results>
